Added Component: Designator=R15(0805)
Add component. Clean all parameters for all variants
Added Component: Designator=R16(0805)
Add component. Clean all parameters for all variants
Added Component: Designator=R17(0805)
Add component. Clean all parameters for all variants
Added Component: Designator=R18(0805)
Add component. Clean all parameters for all variants
Added Component: Designator=R19(0805)
Add component. Clean all parameters for all variants
Added Component: Designator=R20(0805)
Add component. Clean all parameters for all variants
Added Component: Designator=R21(0805)
Add component. Clean all parameters for all variants
Added Component: Designator=R22(0805)
Add component. Clean all parameters for all variants
Added Pin To Net: NetName=3V3 Pin=R15-2
Added Pin To Net: NetName=3V3 Pin=R16-2
Added Pin To Net: NetName=3V3 Pin=R17-2
Added Pin To Net: NetName=3V3 Pin=R18-2
Added Pin To Net: NetName=3V3 Pin=R19-2
Added Pin To Net: NetName=3V3 Pin=R20-2
Added Pin To Net: NetName=3V3 Pin=R21-2
Added Pin To Net: NetName=3V3 Pin=R22-2
Added Pin To Net: NetName=NetR15_1 Pin=R15-1
Added Pin To Net: NetName=NetR15_1 Pin=SW8-2
Added Pin To Net: NetName=NetR15_1 Pin=SW8-2
Added Pin To Net: NetName=NetR15_1 Pin=U4-6
Added Net: Name=NetR15_1
Added Pin To Net: NetName=NetR16_1 Pin=R16-1
Added Pin To Net: NetName=NetR16_1 Pin=SW6-2
Added Pin To Net: NetName=NetR16_1 Pin=SW6-2
Added Pin To Net: NetName=NetR16_1 Pin=U4-5
Added Net: Name=NetR16_1
Added Pin To Net: NetName=NetR17_1 Pin=R17-1
Added Pin To Net: NetName=NetR17_1 Pin=SW4-2
Added Pin To Net: NetName=NetR17_1 Pin=SW4-2
Added Pin To Net: NetName=NetR17_1 Pin=U4-4
Added Net: Name=NetR17_1
Added Pin To Net: NetName=NetR18_1 Pin=R18-1
Added Pin To Net: NetName=NetR18_1 Pin=SW2-2
Added Pin To Net: NetName=NetR18_1 Pin=SW2-2
Added Pin To Net: NetName=NetR18_1 Pin=U4-3
Added Net: Name=NetR18_1
Added Pin To Net: NetName=NetR19_1 Pin=R19-1
Added Pin To Net: NetName=NetR19_1 Pin=SW3-1
Added Pin To Net: NetName=NetR19_1 Pin=SW3-1
Added Pin To Net: NetName=NetR19_1 Pin=U4-14
Added Net: Name=NetR19_1
Added Pin To Net: NetName=NetR20_1 Pin=R20-1
Added Pin To Net: NetName=NetR20_1 Pin=SW5-1
Added Pin To Net: NetName=NetR20_1 Pin=SW5-1
Added Pin To Net: NetName=NetR20_1 Pin=U4-13
Added Net: Name=NetR20_1
Added Pin To Net: NetName=NetR21_1 Pin=R21-1
Added Pin To Net: NetName=NetR21_1 Pin=SW7-1
Added Pin To Net: NetName=NetR21_1 Pin=SW7-1
Added Pin To Net: NetName=NetR21_1 Pin=U4-12
Added Net: Name=NetR21_1
Added Pin To Net: NetName=NetR22_1 Pin=R22-1
Added Pin To Net: NetName=NetR22_1 Pin=SW9-1
Added Pin To Net: NetName=NetR22_1 Pin=SW9-1
Added Pin To Net: NetName=NetR22_1 Pin=U4-11
Added Net: Name=NetR22_1
Added Member To Class: ClassName=Sheet1 Member=Component R15 Res
Added Member To Class: ClassName=Sheet1 Member=Component R16 Res
Added Member To Class: ClassName=Sheet1 Member=Component R17 Res
Added Member To Class: ClassName=Sheet1 Member=Component R18 Res
Added Member To Class: ClassName=Sheet1 Member=Component R19 Res
Added Member To Class: ClassName=Sheet1 Member=Component R20 Res
Added Member To Class: ClassName=Sheet1 Member=Component R21 Res
Added Member To Class: ClassName=Sheet1 Member=Component R22 Res
Added Member To Class: ClassName=Sheet1 Member=Component U3 STM32F103R
